[debug] [2025-05-22T19:45:14.589Z] ----------------------------------------------------------------------
[debug] [2025-05-22T19:45:14.590Z] Command:       /usr/local/bin/firebase /Users/anssipiirainen/.cache/firebase/tools/lib/node_modules/firebase-tools/lib/bin/firebase projects:list
[debug] [2025-05-22T19:45:14.591Z] CLI Version:   13.10.2
[debug] [2025-05-22T19:45:14.591Z] Platform:      darwin
[debug] [2025-05-22T19:45:14.591Z] Node Version:  v18.5.0
[debug] [2025-05-22T19:45:14.594Z] Time:          Thu May 22 2025 22:45:14 GMT+0300 (Eastern European Summer Time)
[debug] [2025-05-22T19:45:14.594Z] ----------------------------------------------------------------------
[debug] 
[debug] [2025-05-22T19:45:14.597Z] >>> [apiv2][query] GET https://firebase-public.firebaseio.com/cli.json [none]
[debug] [2025-05-22T19:45:14.622Z] > command requires scopes: ["email","openid","https://www.googleapis.com/auth/cloudplatformprojects.readonly","https://www.googleapis.com/auth/firebase","https://www.googleapis.com/auth/cloud-platform"]
[debug] [2025-05-22T19:45:14.626Z] > authorizing via signed-in user (anssi.piirainen@snowfox.ai)
[debug] [2025-05-22T19:45:14.634Z] > refreshing access token with scopes: []
[debug] [2025-05-22T19:45:14.635Z] >>> [apiv2][query] POST https://www.googleapis.com/oauth2/v3/token [none]
[debug] [2025-05-22T19:45:14.635Z] >>> [apiv2][body] POST https://www.googleapis.com/oauth2/v3/token [omitted]
[debug] [2025-05-22T19:45:15.294Z] *** [apiv2] error from fetch(https://www.googleapis.com/oauth2/v3/token, {"headers":{},"method":"POST","body":{"_overheadLength":545,"_valueLength":212,"_valuesToMeasure":[],"writable":false,"readable":true,"dataSize":0,"maxDataSize":2097152,"pauseStreams":true,"_released":true,"_streams":[],"_currentStream":null,"_insideLoop":false,"_pendingNext":false,"_boundary":"--------------------------975253022590721520321627","_events":{},"_eventsCount":1}}): FetchError: request to https://www.googleapis.com/oauth2/v3/token failed, reason: read ECONNRESET
[debug] [2025-05-22T19:45:15.297Z] Authentication Error: Your credentials are no longer valid. Please run firebase login --reauth

For CI servers and headless environments, generate a new token with firebase login:ci
[debug] [2025-05-22T19:45:15.934Z] *** [apiv2] error from fetch(https://firebase-public.firebaseio.com/cli.json, {"headers":{},"method":"GET"}): FetchError: request to https://firebase-public.firebaseio.com/cli.json failed, reason: read ECONNRESET
[warn] ⚠  Unable to fetch the CLI MOTD and remote config. This is not a fatal error, but may indicate an issue with your network connection. 
[debug] [2025-05-22T19:45:15.940Z] Failed to fetch MOTD FirebaseError: Failed to make request to https://firebase-public.firebaseio.com/cli.json
[debug] [2025-05-22T19:45:16.577Z] FirebaseError: Authentication Error: Your credentials are no longer valid. Please run firebase login --reauth

For CI servers and headless environments, generate a new token with firebase login:ci
    at invalidCredentialError (/Users/anssipiirainen/.cache/firebase/tools/lib/node_modules/firebase-tools/lib/auth.js:142:12)
    at refreshTokens (/Users/anssipiirainen/.cache/firebase/tools/lib/node_modules/firebase-tools/lib/auth.js:515:15)
    at process.processTicksAndRejections (node:internal/process/task_queues:95:5)
    at async getAccessToken (/Users/anssipiirainen/.cache/firebase/tools/lib/node_modules/firebase-tools/lib/apiv2.js:40:18)
    at async Client.addAuthHeader (/Users/anssipiirainen/.cache/firebase/tools/lib/node_modules/firebase-tools/lib/apiv2.js:167:21)
    at async Client.request (/Users/anssipiirainen/.cache/firebase/tools/lib/node_modules/firebase-tools/lib/apiv2.js:118:34)
    at async getProjectPage (/Users/anssipiirainen/.cache/firebase/tools/lib/node_modules/firebase-tools/lib/management/projects.js:238:17)
    at async getFirebaseProjectPage (/Users/anssipiirainen/.cache/firebase/tools/lib/node_modules/firebase-tools/lib/management/projects.js:255:23)
    at async listFirebaseProjects (/Users/anssipiirainen/.cache/firebase/tools/lib/node_modules/firebase-tools/lib/management/projects.js:286:29)
    at async Command.actionFn (/Users/anssipiirainen/.cache/firebase/tools/lib/node_modules/firebase-tools/lib/commands/projects-list.js:51:20)
[error] 
[error] Error: Failed to list Firebase projects. See firebase-debug.log for more info.
